21:18:25: Creating resource group General
21:18:25: Creating resource group Internal
21:18:25: Creating resource group Autodetect
21:18:25: Registering ResourceManager for type Material
21:18:25: Registering ResourceManager for type Skeleton
21:18:25: Registering ResourceManager for type Mesh
21:18:25: WARNING: conversion is an older format ([MeshSerializer_v1.40]); you should upgrade it as soon as possible using the OgreMeshUpgrade tool.
21:18:25: MeshSerializer writing mesh data to stream ...
21:18:25: File header written.
21:18:25: Writing mesh data...
21:18:25: Writing submesh...
21:18:25: Exporting submesh texture aliases...
21:18:25: Submesh texture aliases exported.
21:18:25: Submesh exported.
21:18:25: Exporting bounds information....
21:18:26: Bounds information exported.
21:18:26: Exporting submesh name table...
21:18:26: Submesh name table exported.
21:18:26: Exporting edge lists...
21:18:26: Edge lists exported
21:18:26: Mesh data exported.
21:18:26: MeshSerializer export successful.
21:18:26: Unregistering ResourceManager for type Mesh
21:18:26: Unregistering ResourceManager for type Skeleton
21:18:26: Unregistering ResourceManager for type Material
