20:17:05: Creating resource group General
20:17:05: Creating resource group Internal
20:17:05: Creating resource group Autodetect
20:17:05: SceneManagerFactory for type 'DefaultSceneManager' registered.
20:17:05: Registering ResourceManager for type Material
20:17:05: Registering ResourceManager for type Mesh
20:17:05: Registering ResourceManager for type Skeleton
20:17:05: MovableObjectFactory for type 'ParticleSystem' registered.
20:17:05: OverlayElementFactory for type Panel registered.
20:17:05: OverlayElementFactory for type BorderPanel registered.
20:17:05: OverlayElementFactory for type TextArea registered.
20:17:05: Registering ResourceManager for type Font
20:17:05: ArchiveFactory for archive type FileSystem registered.
20:17:05: ArchiveFactory for archive type Zip registered.
20:17:05: DDS codec registering
20:17:05: FreeImage version: 3.13.1
20:17:05: This program uses FreeImage, a free, open source image library supporting all common bitmap formats. See http://freeimage.sourceforge.net for details
20:17:05: Supported formats: bmp,ico,jpg,jif,jpeg,jpe,jng,koa,iff,lbm,mng,pbm,pbm,pcd,pcx,pgm,pgm,png,ppm,ppm,ras,tga,targa,tif,tiff,wap,wbmp,wbm,psd,cut,xbm,xpm,gif,hdr,g3,sgi,exr,j2k,j2c,jp2,pfm,pct,pict,pic,bay,bmq,cr2,crw,cs1,dc2,dcr,dng,erf,fff,hdr,k25,kdc,mdc,mos,mrw,nef,orf,pef,pxn,raf,raw,rdc,sr2,srf,arw,3fr,cine,ia,kc2,mef,nrw,qtk,rw2,sti,drf,dsc,ptx,cap,iiq,rwz
20:17:05: Registering ResourceManager for type HighLevelGpuProgram
20:17:05: Registering ResourceManager for type Compositor
20:17:05: MovableObjectFactory for type 'Entity' registered.
20:17:05: MovableObjectFactory for type 'Light' registered.
20:17:05: MovableObjectFactory for type 'BillboardSet' registered.
20:17:05: MovableObjectFactory for type 'ManualObject' registered.
20:17:05: MovableObjectFactory for type 'BillboardChain' registered.
20:17:05: MovableObjectFactory for type 'RibbonTrail' registered.
20:17:05: Loading library .\RenderSystem_Direct3D9
20:17:06: Installing plugin: D3D9 RenderSystem
20:17:06: D3D9 : Direct3D9 Rendering Subsystem created.
20:17:06: D3D9: Driver Detection Starts
20:17:06: D3D9: Driver Detection Ends
20:17:06: Plugin successfully installed
20:17:06: Loading library .\Plugin_ParticleFX
20:17:06: Installing plugin: ParticleFX
20:17:06: Particle Emitter Type 'Point' registered
20:17:06: Particle Emitter Type 'Box' registered
20:17:06: Particle Emitter Type 'Ellipsoid' registered
20:17:06: Particle Emitter Type 'Cylinder' registered
20:17:06: Particle Emitter Type 'Ring' registered
20:17:06: Particle Emitter Type 'HollowEllipsoid' registered
20:17:06: Particle Affector Type 'LinearForce' registered
20:17:06: Particle Affector Type 'ColourFader' registered
20:17:06: Particle Affector Type 'ColourFader2' registered
20:17:06: Particle Affector Type 'ColourImage' registered
20:17:06: Particle Affector Type 'ColourInterpolator' registered
20:17:06: Particle Affector Type 'Scaler' registered
20:17:06: Particle Affector Type 'Rotator' registered
20:17:06: Particle Affector Type 'DirectionRandomiser' registered
20:17:06: Particle Affector Type 'DeflectorPlane' registered
20:17:06: Plugin successfully installed
20:17:06: Loading library .\Plugin_CgProgramManager
20:17:06: Installing plugin: Cg Program Manager
20:17:06: Plugin successfully installed
20:17:06: *-*-* OGRE Initialising
20:17:06: *-*-* Version 1.7.1 (Cthugha)
20:17:06: D3D9 : RenderSystem Option: Allow NVPerfHUD = No
20:17:06: D3D9 : RenderSystem Option: FSAA = 0
20:17:06: D3D9 : RenderSystem Option: Floating-point mode = Fastest
20:17:06: D3D9 : RenderSystem Option: Full Screen = Yes
20:17:06: D3D9 : RenderSystem Option: Rendering Device = Monitor-1-NVIDIA GeForce GT 440
20:17:06: D3D9 : RenderSystem Option: Resource Creation Policy = Create on all devices
20:17:06: D3D9 : RenderSystem Option: VSync = No
20:17:06: D3D9 : RenderSystem Option: VSync Interval = 1
20:17:06: D3D9 : RenderSystem Option: Video Mode = 800 x 600 @ 32-bit colour
20:17:06: D3D9 : RenderSystem Option: sRGB Gamma Conversion = No
20:17:06: CPU Identifier & Features
20:17:06: -------------------------
20:17:06:  *   CPU ID: AuthenticAMD: AMD Athlon(tm) II X4 640 Processor
20:17:06:  *      SSE: yes
20:17:06:  *     SSE2: yes
20:17:06:  *     SSE3: yes
20:17:06:  *      MMX: yes
20:17:06:  *   MMXEXT: yes
20:17:06:  *    3DNOW: yes
20:17:06:  * 3DNOWEXT: yes
20:17:06:  *     CMOV: yes
20:17:06:  *      TSC: yes
20:17:06:  *      FPU: yes
20:17:06:  *      PRO: yes
20:17:06:  *       HT: no
20:17:06: -------------------------
20:17:06: D3D9 : Subsystem Initialising
20:17:06: Registering ResourceManager for type Texture
20:17:06: Registering ResourceManager for type GpuProgram
20:17:06: ***************************************
20:17:06: *** D3D9 : Subsystem Initialised OK ***
20:17:06: ***************************************
20:17:06: D3D9RenderSystem::_createRenderWindow "DemoApp v1.0", 800x600 windowed  miscParams: FSAA=0 externalWindowHandle=459016 
20:17:06: D3D9 : Created D3D9 Rendering Window 'DemoApp v1.0' : 814x579, 32bpp
20:17:06: D3D9 : WARNING - disabling VSync in windowed mode can cause timing issues at lower frame rates, turn VSync on if you observe this problem.
20:17:06: D3D9: Vertex texture format supported - PF_A8R8G8B8
20:17:06: D3D9: Vertex texture format supported - PF_B8G8R8A8
20:17:06: D3D9: Vertex texture format supported - PF_FLOAT16_RGB
20:17:06: D3D9: Vertex texture format supported - PF_FLOAT16_RGBA
20:17:06: D3D9: Vertex texture format supported - PF_FLOAT32_RGB
20:17:06: D3D9: Vertex texture format supported - PF_FLOAT32_RGBA
20:17:06: D3D9: Vertex texture format supported - PF_R8G8B8A8
20:17:06: D3D9: Vertex texture format supported - PF_DEPTH
20:17:06: D3D9: Vertex texture format supported - PF_FLOAT16_R
20:17:06: D3D9: Vertex texture format supported - PF_FLOAT32_R
20:17:06: D3D9: Vertex texture format supported - PF_FLOAT16_GR
20:17:06: D3D9: Vertex texture format supported - PF_FLOAT32_GR
20:17:06: D3D9: Vertex texture format supported - PF_PVRTC_RGB2
20:17:06: D3D9: Vertex texture format supported - PF_PVRTC_RGBA2
20:17:06: D3D9: Vertex texture format supported - PF_PVRTC_RGB4
20:17:06: D3D9: Vertex texture format supported - PF_PVRTC_RGBA4
20:17:06: RenderSystem capabilities
20:17:06: -------------------------
20:17:06: RenderSystem Name: Direct3D9 Rendering Subsystem
20:17:06: GPU Vendor: nvidia
20:17:06: Device Name: Monitor-1-NVIDIA GeForce GT 440
20:17:06: Driver Version: 8.17.13.142
20:17:06:  * Fixed function pipeline: yes
20:17:06:  * Hardware generation of mipmaps: yes
20:17:06:  * Texture blending: yes
20:17:06:  * Anisotropic texture filtering: yes
20:17:06:  * Dot product texture operation: yes
20:17:06:  * Cube mapping: yes
20:17:06:  * Hardware stencil buffer: yes
20:17:06:    - Stencil depth: 8
20:17:06:    - Two sided stencil support: yes
20:17:06:    - Wrap stencil values: yes
20:17:06:  * Hardware vertex / index buffers: yes
20:17:06:  * Vertex programs: yes
20:17:06:  * Number of floating-point constants for vertex programs: 256
20:17:06:  * Number of integer constants for vertex programs: 16
20:17:06:  * Number of boolean constants for vertex programs: 16
20:17:06:  * Fragment programs: yes
20:17:06:  * Number of floating-point constants for fragment programs: 224
20:17:06:  * Number of integer constants for fragment programs: 16
20:17:06:  * Number of boolean constants for fragment programs: 16
20:17:06:  * Geometry programs: no
20:17:06:  * Number of floating-point constants for geometry programs: 0
20:17:06:  * Number of integer constants for geometry programs: 0
20:17:06:  * Number of boolean constants for geometry programs: 0
20:17:06:  * Supported Shader Profiles: hlsl ps_1_1 ps_1_2 ps_1_3 ps_1_4 ps_2_0 ps_2_a ps_2_b ps_2_x ps_3_0 vs_1_1 vs_2_0 vs_2_a vs_2_x vs_3_0
20:17:06:  * Texture Compression: yes
20:17:06:    - DXT: yes
20:17:06:    - VTC: no
20:17:06:    - PVRTC: no
20:17:06:  * Scissor Rectangle: yes
20:17:06:  * Hardware Occlusion Query: yes
20:17:06:  * User clip planes: yes
20:17:06:  * VET_UBYTE4 vertex element type: yes
20:17:06:  * Infinite far plane projection: yes
20:17:06:  * Hardware render-to-texture: yes
20:17:06:  * Floating point textures: yes
20:17:06:  * Non-power-of-two textures: yes
20:17:06:  * Volume textures: yes
20:17:06:  * Multiple Render Targets: 4
20:17:06:    - With different bit depths: yes
20:17:06:  * Point Sprites: yes
20:17:06:  * Extended point parameters: yes
20:17:06:  * Max Point Size: 10
20:17:06:  * Vertex texture fetch: yes
20:17:06:  * Number of world matrices: 0
20:17:06:  * Number of texture units: 8
20:17:06:  * Stencil buffer depth: 8
20:17:06:  * Number of vertex blend matrices: 0
20:17:06:    - Max vertex textures: 4
20:17:06:    - Vertex textures shared: no
20:17:06:  * Render to Vertex Buffer : no
20:17:06:  * DirectX per stage constants: yes
20:17:06: DefaultWorkQueue('Root') initialising on thread 005CE4A8.
20:17:06: DefaultWorkQueue('Root')::WorkerFunc - thread 005C4910 starting.
20:17:06: DefaultWorkQueue('Root')::WorkerFunc - thread 005C4940 starting.
20:17:06: DefaultWorkQueue('Root')::WorkerFunc - thread 005C49A0 starting.
20:17:06: DefaultWorkQueue('Root')::WorkerFunc - thread 005C4A00 starting.
20:17:06: Particle Renderer Type 'billboard' registered
20:17:06: Creating resource group Bootstrap
20:17:06: Added resource location '../Media/packs/OgreCore.zip' of type 'Zip' to resource group 'Bootstrap'
20:17:06: Added resource location '../Media/packs/SdkTrays.zip' of type 'Zip' to resource group 'Bootstrap'
20:17:06: Added resource location '../Media/particle' of type 'FileSystem' to resource group 'General'
20:17:06: Added resource location '../Media/Model' of type 'FileSystem' to resource group 'General'
20:17:06: Added resource location '../Media/Material' of type 'FileSystem' to resource group 'General'
20:17:06: Added resource location 'F:/OgreSE/bin/Media/OgreSECore' of type 'FileSystem' to resource group 'General'
20:17:06: Parsing scripts for resource group Autodetect
20:17:06: Finished parsing scripts for resource group Autodetect
20:17:06: Parsing scripts for resource group Bootstrap
20:17:06: Parsing script OgreCore.material
20:17:06: Parsing script OgreProfiler.material
20:17:06: Parsing script SdkTrays.material
20:17:06: Parsing script Ogre.fontdef
20:17:06: Parsing script SdkTrays.fontdef
20:17:06: Parsing script OgreDebugPanel.overlay
20:17:06: Texture: New_Ogre_Border_Center.png: Loading 1 faces(PF_A8R8G8B8,256x128x1) with  hardware generated mipmaps from Image. Internal format is PF_A8R8G8B8,256x128x1.
20:17:07: Texture: New_Ogre_Border.png: Loading 1 faces(PF_A8R8G8B8,256x256x1) with  hardware generated mipmaps from Image. Internal format is PF_A8R8G8B8,256x256x1.
20:17:07: Texture: New_Ogre_Border_Break.png: Loading 1 faces(PF_A8R8G8B8,32x32x1) with  hardware generated mipmaps from Image. Internal format is PF_A8R8G8B8,32x32x1.
20:17:07: Texture: ogretext.png: Loading 1 faces(PF_A8R8G8B8,256x128x1) with  hardware generated mipmaps from Image. Internal format is PF_A8R8G8B8,256x128x1.
20:17:07: Parsing script OgreLoadingPanel.overlay
20:17:07: Parsing script SdkTrays.overlay
20:17:07: Bad element attribute line: '# you can offset the image to change the cursor "hotspot"' for element SdkTrays/Cursor in overlay 
20:17:07: Texture: sdk_cursor.png: Loading 1 faces(PF_A8R8G8B8,32x32x1) with  hardware generated mipmaps from Image. Internal format is PF_A8R8G8B8,32x32x1.
20:17:07: Texture: sdk_tray.png: Loading 1 faces(PF_A8R8G8B8,64x64x1) with  hardware generated mipmaps from Image. Internal format is PF_A8R8G8B8,64x64x1.
20:17:07: Texture: sdk_button_up.png: Loading 1 faces(PF_A8R8G8B8,128x32x1) with  hardware generated mipmaps from Image. Internal format is PF_A8R8G8B8,128x32x1.
20:17:07: Texture: sdk_text_box.png: Loading 1 faces(PF_A8R8G8B8,32x32x1) with  hardware generated mipmaps from Image. Internal format is PF_A8R8G8B8,32x32x1.
20:17:07: Texture: sdk_mini_tray.png: Loading 1 faces(PF_A8R8G8B8,32x32x1) with  hardware generated mipmaps from Image. Internal format is PF_A8R8G8B8,32x32x1.
20:17:07: Texture: sdk_track.png: Loading 1 faces(PF_A8R8G8B8,16x32x1) with  hardware generated mipmaps from Image. Internal format is PF_A8R8G8B8,16x32x1.
20:17:07: Texture: sdk_handle.png: Loading 1 faces(PF_A8R8G8B8,16x16x1) with  hardware generated mipmaps from Image. Internal format is PF_A8R8G8B8,16x16x1.
20:17:07: Texture: sdk_mini_text_box.png: Loading 1 faces(PF_A8R8G8B8,32x32x1) with  hardware generated mipmaps from Image. Internal format is PF_A8R8G8B8,32x32x1.
20:17:07: Texture: sdk_label.png: Loading 1 faces(PF_A8R8G8B8,32x32x1) with  hardware generated mipmaps from Image. Internal format is PF_A8R8G8B8,32x32x1.
20:17:07: Texture: sdk_separator.png: Loading 1 faces(PF_A8R8G8B8,64x16x1) with  hardware generated mipmaps from Image. Internal format is PF_A8R8G8B8,64x16x1.
20:17:07: Texture: sdk_logo.png: Loading 1 faces(PF_A8R8G8B8,128x64x1) with  hardware generated mipmaps from Image. Internal format is PF_A8R8G8B8,128x64x1.
20:17:07: Texture: sdk_shade.png: Loading 1 faces(PF_A8R8G8B8,64x48x1) with 5 generated mipmaps from Image. Internal format is PF_A8R8G8B8,64x48x1.
20:17:07: Texture: sdk_frame.png: Loading 1 faces(PF_A8R8G8B8,32x32x1) with  hardware generated mipmaps from Image. Internal format is PF_A8R8G8B8,32x32x1.
20:17:07: Texture: sdk_mini_text_box_over.png: Loading 1 faces(PF_A8R8G8B8,32x32x1) with  hardware generated mipmaps from Image. Internal format is PF_A8R8G8B8,32x32x1.
20:17:07: Texture: sdk_pulse.png: Loading 1 faces(PF_R8G8B8,8x1x1) with  hardware generated mipmaps from Image. Internal format is PF_X8R8G8B8,8x1x1.
20:17:07: Finished parsing scripts for resource group Bootstrap
20:17:07: Parsing scripts for resource group General
20:17:07: Parsing script grid.program
20:17:07: Parsing script SETerrain.program
20:17:07: Parsing script P1.material
20:17:07: Parsing script grid.material
20:17:07: Parsing script lexiview.material
20:17:07: Parsing script Indicator.material
20:17:07: Parsing script SEFresnel.material
20:17:07: Parsing script SETerrain.material
20:17:07: Parsing script P1.particle
20:17:07: Finished parsing scripts for resource group General
20:17:07: Parsing scripts for resource group Internal
20:17:07: Finished parsing scripts for resource group Internal
20:17:07: Demo initialized!
20:17:07: Creating resource group MeshData
20:17:07: Added resource location 'F:\MiniCraft\MiniCraft\Media\Editor\' of type 'FileSystem' to resource group 'MeshData'
20:17:07: Creating resource group Material
20:17:07: Added resource location 'F:\MiniCraft\MiniCraft\Media\Editor\' of type 'FileSystem' to resource group 'Material'
20:17:07: OGRE EXCEPTION(7:InternalErrorException): Cannot find serializer implementation for current version [MeshSerializer_v1.8] in MeshSerializer::importMesh at ..\..\ogre_src_v1-7-1\OgreMain\src\OgreMeshSerializer.cpp (line 118)
