19/03/2013 02:09:54 (Std) 	+-+-+-+-+-+-+-+-+-+-+-+-+-+-+-+-+-+-+-+-+-+-+-+-+-+-+-+-+-+-+-+-+-+-+-+-+-+-+-+
19/03/2013 02:09:54 (Std) 	+                     Crazy Eddie's GUI System - Event log                    +
19/03/2013 02:09:54 (Std) 	+                          (http://www.cegui.org.uk/)                         +
19/03/2013 02:09:54 (Std) 	+-+-+-+-+-+-+-+-+-+-+-+-+-+-+-+-+-+-+-+-+-+-+-+-+-+-+-+-+-+-+-+-+-+-+-+-+-+-+-+

19/03/2013 02:09:54 (Std) 	CEGUI::Logger singleton created. (01DA10E0)
19/03/2013 02:09:54 (Std) 	
19/03/2013 02:09:54 (Std) 	********************************************************************************
19/03/2013 02:09:54 (Std) 	* Important:                                                                   *
19/03/2013 02:09:54 (Std) 	*     To get support at the CEGUI forums, you must post _at least_ the section *
19/03/2013 02:09:54 (Std) 	*     of this log file indicated below.  Failure to do this will result in no  *
19/03/2013 02:09:54 (Std) 	*     support being given; please do not waste our time.                       *
19/03/2013 02:09:54 (Std) 	********************************************************************************
19/03/2013 02:09:54 (Std) 	********************************************************************************
19/03/2013 02:09:54 (Std) 	* -------- START OF ESSENTIAL SECTION TO BE POSTED ON THE FORUM       -------- *
19/03/2013 02:09:54 (Std) 	********************************************************************************
19/03/2013 02:09:54 (Std) 	---- Version 0.7.9 (Build: Mar  2 2013 Microsoft Windows MSVC++ 10.0 32 bit) ----
19/03/2013 02:09:54 (Std) 	---- Renderer module is: CEGUI::OgreRenderer - Official OGRE based 2nd generation renderer module. ----
19/03/2013 02:09:54 (Std) 	---- XML Parser module is: CEGUI::ExpatParser - Official expat based parser module for CEGUI ----
19/03/2013 02:09:54 (Std) 	---- Image Codec module is: OgreImageCodec - Integrated ImageCodec using the Ogre engine. ----
19/03/2013 02:09:54 (Std) 	---- Scripting module is: None ----
19/03/2013 02:09:54 (Std) 	********************************************************************************
19/03/2013 02:09:54 (Std) 	* -------- END OF ESSENTIAL SECTION TO BE POSTED ON THE FORUM         -------- *
19/03/2013 02:09:54 (Std) 	********************************************************************************
19/03/2013 02:09:54 (Std) 	
19/03/2013 02:09:54 (Std) 	---- Begining CEGUI System initialisation ----
19/03/2013 02:09:54 (Std) 	CEGUI::ImagesetManager singleton created (01DDD478)
19/03/2013 02:09:54 (Std) 	CEGUI::FontManager singleton created. (01DAF6B0)
19/03/2013 02:09:54 (Std) 	CEGUI::WindowFactoryManager singleton created
19/03/2013 02:09:54 (Std) 	CEGUI::WindowManager singleton created (01DA3A60)
19/03/2013 02:09:54 (Std) 	CEGUI::SchemeManager singleton created. (01D9FE50)
19/03/2013 02:09:54 (Std) 	CEGUI::MouseCursor singleton created. (01DD7570)
19/03/2013 02:09:54 (Std) 	CEGUI::GlobalEventSet singleton created. (01D65A88)
19/03/2013 02:09:54 (Std) 	CEGUI::AnimationManager singleton created (01D7CE98)
19/03/2013 02:09:54 (Std) 	CEGUI::WidgetLookManager singleton created. (01D79878)
19/03/2013 02:09:54 (Std) 	CEGUI::WindowRendererManager singleton created (01D798A8)
19/03/2013 02:09:54 (Std) 	CEGUI::RenderEffectManager singleton created (01D64BD8)
19/03/2013 02:09:54 (Std) 	Created WindowFactory for 'DefaultWindow' windows.
19/03/2013 02:09:54 (Std) 	WindowFactory for 'DefaultWindow' windows added. (01D9EE70)
19/03/2013 02:09:54 (Std) 	Created WindowFactory for 'DragContainer' windows.
19/03/2013 02:09:54 (Std) 	WindowFactory for 'DragContainer' windows added. (01D9F600)
19/03/2013 02:09:54 (Std) 	Created WindowFactory for 'ScrolledContainer' windows.
19/03/2013 02:09:54 (Std) 	WindowFactory for 'ScrolledContainer' windows added. (01D9F6A8)
19/03/2013 02:09:54 (Std) 	Created WindowFactory for 'ClippedContainer' windows.
19/03/2013 02:09:54 (Std) 	WindowFactory for 'ClippedContainer' windows added. (01D9F750)
19/03/2013 02:09:54 (Std) 	Created WindowFactory for 'CEGUI/Checkbox' windows.
19/03/2013 02:09:54 (Std) 	WindowFactory for 'CEGUI/Checkbox' windows added. (01D9F7F8)
19/03/2013 02:09:54 (Std) 	Created WindowFactory for 'CEGUI/PushButton' windows.
19/03/2013 02:09:54 (Std) 	WindowFactory for 'CEGUI/PushButton' windows added. (01D9F8A0)
19/03/2013 02:09:54 (Std) 	Created WindowFactory for 'CEGUI/RadioButton' windows.
19/03/2013 02:09:54 (Std) 	WindowFactory for 'CEGUI/RadioButton' windows added. (01DD8958)
19/03/2013 02:09:54 (Std) 	Created WindowFactory for 'CEGUI/Combobox' windows.
19/03/2013 02:09:54 (Std) 	WindowFactory for 'CEGUI/Combobox' windows added. (01DD8A00)
19/03/2013 02:09:54 (Std) 	Created WindowFactory for 'CEGUI/ComboDropList' windows.
19/03/2013 02:09:54 (Std) 	WindowFactory for 'CEGUI/ComboDropList' windows added. (01DD8AA8)
19/03/2013 02:09:54 (Std) 	Created WindowFactory for 'CEGUI/Editbox' windows.
19/03/2013 02:09:54 (Std) 	WindowFactory for 'CEGUI/Editbox' windows added. (01DEB578)
19/03/2013 02:09:54 (Std) 	Created WindowFactory for 'CEGUI/FrameWindow' windows.
19/03/2013 02:09:54 (Std) 	WindowFactory for 'CEGUI/FrameWindow' windows added. (01DEB620)
19/03/2013 02:09:54 (Std) 	Created WindowFactory for 'CEGUI/ItemEntry' windows.
19/03/2013 02:09:54 (Std) 	WindowFactory for 'CEGUI/ItemEntry' windows added. (01DEB6C8)
19/03/2013 02:09:54 (Std) 	Created WindowFactory for 'CEGUI/Listbox' windows.
19/03/2013 02:09:54 (Std) 	WindowFactory for 'CEGUI/Listbox' windows added. (01DEB770)
19/03/2013 02:09:54 (Std) 	Created WindowFactory for 'CEGUI/ListHeader' windows.
19/03/2013 02:09:54 (Std) 	WindowFactory for 'CEGUI/ListHeader' windows added. (01DEB818)
19/03/2013 02:09:54 (Std) 	Created WindowFactory for 'CEGUI/ListHeaderSegment' windows.
19/03/2013 02:09:54 (Std) 	WindowFactory for 'CEGUI/ListHeaderSegment' windows added. (01DEB8C0)
19/03/2013 02:09:54 (Std) 	Created WindowFactory for 'CEGUI/Menubar' windows.
19/03/2013 02:09:54 (Std) 	WindowFactory for 'CEGUI/Menubar' windows added. (01DEB968)
19/03/2013 02:09:54 (Std) 	Created WindowFactory for 'CEGUI/PopupMenu' windows.
19/03/2013 02:09:54 (Std) 	WindowFactory for 'CEGUI/PopupMenu' windows added. (01DEBA10)
19/03/2013 02:09:54 (Std) 	Created WindowFactory for 'CEGUI/MenuItem' windows.
19/03/2013 02:09:54 (Std) 	WindowFactory for 'CEGUI/MenuItem' windows added. (01DEBAB8)
19/03/2013 02:09:54 (Std) 	Created WindowFactory for 'CEGUI/MultiColumnList' windows.
19/03/2013 02:09:54 (Std) 	WindowFactory for 'CEGUI/MultiColumnList' windows added. (01DEBB60)
19/03/2013 02:09:54 (Std) 	Created WindowFactory for 'CEGUI/MultiLineEditbox' windows.
19/03/2013 02:09:54 (Std) 	WindowFactory for 'CEGUI/MultiLineEditbox' windows added. (01DEBC08)
19/03/2013 02:09:54 (Std) 	Created WindowFactory for 'CEGUI/ProgressBar' windows.
19/03/2013 02:09:54 (Std) 	WindowFactory for 'CEGUI/ProgressBar' windows added. (01DEBCB0)
19/03/2013 02:09:54 (Std) 	Created WindowFactory for 'CEGUI/ScrollablePane' windows.
19/03/2013 02:09:54 (Std) 	WindowFactory for 'CEGUI/ScrollablePane' windows added. (01DEBD58)
19/03/2013 02:09:54 (Std) 	Created WindowFactory for 'CEGUI/Scrollbar' windows.
19/03/2013 02:09:54 (Std) 	WindowFactory for 'CEGUI/Scrollbar' windows added. (01DEBE00)
19/03/2013 02:09:54 (Std) 	Created WindowFactory for 'CEGUI/Slider' windows.
19/03/2013 02:09:54 (Std) 	WindowFactory for 'CEGUI/Slider' windows added. (01DEBEA8)
19/03/2013 02:09:54 (Std) 	Created WindowFactory for 'CEGUI/Spinner' windows.
19/03/2013 02:09:54 (Std) 	WindowFactory for 'CEGUI/Spinner' windows added. (01DEBF50)
19/03/2013 02:09:54 (Std) 	Created WindowFactory for 'CEGUI/TabButton' windows.
19/03/2013 02:09:54 (Std) 	WindowFactory for 'CEGUI/TabButton' windows added. (01DEBFF8)
19/03/2013 02:09:54 (Std) 	Created WindowFactory for 'CEGUI/TabControl' windows.
19/03/2013 02:09:54 (Std) 	WindowFactory for 'CEGUI/TabControl' windows added. (01DEC0A0)
19/03/2013 02:09:54 (Std) 	Created WindowFactory for 'CEGUI/Thumb' windows.
19/03/2013 02:09:54 (Std) 	WindowFactory for 'CEGUI/Thumb' windows added. (01DEC148)
19/03/2013 02:09:54 (Std) 	Created WindowFactory for 'CEGUI/Titlebar' windows.
19/03/2013 02:09:54 (Std) 	WindowFactory for 'CEGUI/Titlebar' windows added. (01DEC1F0)
19/03/2013 02:09:54 (Std) 	Created WindowFactory for 'CEGUI/Tooltip' windows.
19/03/2013 02:09:54 (Std) 	WindowFactory for 'CEGUI/Tooltip' windows added. (01DEC298)
19/03/2013 02:09:54 (Std) 	Created WindowFactory for 'CEGUI/ItemListbox' windows.
19/03/2013 02:09:54 (Std) 	WindowFactory for 'CEGUI/ItemListbox' windows added. (01DEC340)
19/03/2013 02:09:54 (Std) 	Created WindowFactory for 'CEGUI/GroupBox' windows.
19/03/2013 02:09:54 (Std) 	WindowFactory for 'CEGUI/GroupBox' windows added. (01DEC3E8)
19/03/2013 02:09:54 (Std) 	Created WindowFactory for 'CEGUI/Tree' windows.
19/03/2013 02:09:54 (Std) 	WindowFactory for 'CEGUI/Tree' windows added. (01DEC490)
19/03/2013 02:09:54 (Std) 	Created WindowFactory for 'HorizontalLayoutContainer' windows.
19/03/2013 02:09:54 (Std) 	WindowFactory for 'HorizontalLayoutContainer' windows added. (01DEC538)
19/03/2013 02:09:54 (Std) 	Created WindowFactory for 'VerticalLayoutContainer' windows.
19/03/2013 02:09:54 (Std) 	WindowFactory for 'VerticalLayoutContainer' windows added. (01DEC5E0)
19/03/2013 02:09:54 (Std) 	Created WindowFactory for 'GridLayoutContainer' windows.
19/03/2013 02:09:54 (Std) 	WindowFactory for 'GridLayoutContainer' windows added. (01DEC688)
19/03/2013 02:09:54 (Std) 	Window type alias named 'DefaultGUISheet' added for window type 'DefaultWindow'.
19/03/2013 02:09:54 (Std) 	CEGUI::System singleton created. (01DAF440)
19/03/2013 02:09:54 (Std) 	---- CEGUI System initialisation completed ----
19/03/2013 02:09:54 (Std) 	
19/03/2013 02:09:54 (Std) 	Started creation of Scheme from XML specification:
19/03/2013 02:09:54 (Std) 	---- CEGUI GUIScheme name: TaharezLook
19/03/2013 02:09:54 (Std) 	Started creation of Imageset from XML specification:
19/03/2013 02:09:54 (Std) 	---- CEGUI Imageset name: TaharezLook
19/03/2013 02:09:54 (Std) 	---- Source texture file: TaharezLook.tga in resource group: (Default)
19/03/2013 02:09:54 (Std) 	Started creation of Imageset from XML specification:
19/03/2013 02:09:54 (Std) 	---- CEGUI Imageset name: btn-unit-terran-scv.dds
19/03/2013 02:09:54 (Std) 	---- Source texture file: btn-unit-terran-scv.dds in resource group: (Default)
19/03/2013 02:09:54 (Std) 	Started creation of Imageset from XML specification:
19/03/2013 02:09:54 (Std) 	---- CEGUI Imageset name: btn-unit-terran-marine.dds
19/03/2013 02:09:54 (Std) 	---- Source texture file: btn-unit-terran-marine.dds in resource group: (Default)
19/03/2013 02:09:54 (Std) 	Started creation of Imageset from XML specification:
19/03/2013 02:09:54 (Std) 	---- CEGUI Imageset name: btn-unit-zerg-drone.dds
19/03/2013 02:09:54 (Std) 	---- Source texture file: btn-unit-zerg-drone.dds in resource group: (Default)
19/03/2013 02:09:54 (Std) 	Started creation of Imageset from XML specification:
19/03/2013 02:09:54 (Std) 	---- CEGUI Imageset name: btn-unit-zerg-zergling.dds
19/03/2013 02:09:54 (Std) 	---- Source texture file: btn-unit-zerg-zergling.dds in resource group: (Default)
19/03/2013 02:09:54 (Std) 	Started creation of Imageset from XML specification:
19/03/2013 02:09:54 (Std) 	---- CEGUI Imageset name: Icon_TerranFrameNormal
19/03/2013 02:09:54 (Std) 	---- Source texture file: ui_commandcard_terranframe_normal.dds in resource group: (Default)
19/03/2013 02:09:54 (Std) 	Started creation of Imageset from XML specification:
19/03/2013 02:09:54 (Std) 	---- CEGUI Imageset name: Icon_TerranFrameHighlight
19/03/2013 02:09:54 (Std) 	---- Source texture file: ui_commandcard_terranframe_highlighted.dds in resource group: (Default)
19/03/2013 02:09:54 (Std) 	Started creation of Imageset from XML specification:
19/03/2013 02:09:54 (Std) 	---- CEGUI Imageset name: Icon_ZergFrameNormal
19/03/2013 02:09:54 (Std) 	---- Source texture file: ui_commandcard_zergframe_normal.dds in resource group: (Default)
19/03/2013 02:09:54 (Std) 	Started creation of Imageset from XML specification:
19/03/2013 02:09:54 (Std) 	---- CEGUI Imageset name: Icon_ZergFrameHighlight
19/03/2013 02:09:54 (Std) 	---- Source texture file: ui_commandcard_zergframe_highlighted.dds in resource group: (Default)
19/03/2013 02:09:54 (Std) 	Started creation of Imageset from XML specification:
19/03/2013 02:09:54 (Std) 	---- CEGUI Imageset name: Icon_CommandEmpty
19/03/2013 02:09:54 (Std) 	---- Source texture file: ui_techpurchasebutton_disabled.dds in resource group: (Default)
19/03/2013 02:09:54 (Std) 	Started creation of Imageset from XML specification:
19/03/2013 02:09:54 (Std) 	---- CEGUI Imageset name: btn-command-move.dds
19/03/2013 02:09:54 (Std) 	---- Source texture file: btn-command-move.dds in resource group: (Default)
19/03/2013 02:09:54 (Std) 	Started creation of Imageset from XML specification:
19/03/2013 02:09:54 (Std) 	---- CEGUI Imageset name: btn-command-stop.dds
19/03/2013 02:09:54 (Std) 	---- Source texture file: btn-command-stop.dds in resource group: (Default)
19/03/2013 02:09:54 (Std) 	Started creation of Imageset from XML specification:
19/03/2013 02:09:54 (Std) 	---- CEGUI Imageset name: btn-ability-terran-gather.dds
19/03/2013 02:09:54 (Std) 	---- Source texture file: btn-ability-terran-gather.dds in resource group: (Default)
19/03/2013 02:09:54 (Std) 	Started creation of Font from XML specification:
19/03/2013 02:09:54 (Std) 	---- CEGUI font name: DejaVuSans-10
19/03/2013 02:09:54 (Std) 	----       Font type: FreeType
19/03/2013 02:09:54 (Std) 	----     Source file: DejaVuSans.ttf in resource group: (Default)
19/03/2013 02:09:54 (Std) 	---- Real point size: 10
19/03/2013 02:09:54 (Std) 	===== Falagard 'root' element: look and feel parsing begins =====
19/03/2013 02:09:54 (Std) 	===== Look and feel parsing completed =====
19/03/2013 02:09:54 (Std) 	No window renderer factories specified for module 'CEGUIFalagardWRBase' - adding all available factories...
19/03/2013 02:09:54 (Std) 	Created WindowRendererFactory for 'Falagard/Button' WindowRenderers.
19/03/2013 02:09:54 (Std) 	WindowRendererFactory 'Falagard/Button' added. (01DECB20)
19/03/2013 02:09:54 (Std) 	Created WindowRendererFactory for 'Falagard/Default' WindowRenderers.
19/03/2013 02:09:54 (Std) 	WindowRendererFactory 'Falagard/Default' added. (01DECFB8)
19/03/2013 02:09:54 (Std) 	Created WindowRendererFactory for 'Falagard/Editbox' WindowRenderers.
19/03/2013 02:09:54 (Std) 	WindowRendererFactory 'Falagard/Editbox' added. (01DED3A8)
19/03/2013 02:09:54 (Std) 	Created WindowRendererFactory for 'Falagard/FrameWindow' WindowRenderers.
19/03/2013 02:09:54 (Std) 	WindowRendererFactory 'Falagard/FrameWindow' added. (01DED450)
19/03/2013 02:09:54 (Std) 	Created WindowRendererFactory for 'Falagard/ItemEntry' WindowRenderers.
19/03/2013 02:09:54 (Std) 	WindowRendererFactory 'Falagard/ItemEntry' added. (01DE9578)
19/03/2013 02:09:54 (Std) 	Created WindowRendererFactory for 'Falagard/ListHeader' WindowRenderers.
19/03/2013 02:09:54 (Std) 	WindowRendererFactory 'Falagard/ListHeader' added. (01DE9620)
19/03/2013 02:09:54 (Std) 	Created WindowRendererFactory for 'Falagard/ListHeaderSegment' WindowRenderers.
19/03/2013 02:09:54 (Std) 	WindowRendererFactory 'Falagard/ListHeaderSegment' added. (01DE96C8)
19/03/2013 02:09:54 (Std) 	Created WindowRendererFactory for 'Falagard/Listbox' WindowRenderers.
19/03/2013 02:09:54 (Std) 	WindowRendererFactory 'Falagard/Listbox' added. (01DE9770)
19/03/2013 02:09:54 (Std) 	Created WindowRendererFactory for 'Falagard/Menubar' WindowRenderers.
19/03/2013 02:09:54 (Std) 	WindowRendererFactory 'Falagard/Menubar' added. (01DE9818)
19/03/2013 02:09:54 (Std) 	Created WindowRendererFactory for 'Falagard/MenuItem' WindowRenderers.
19/03/2013 02:09:54 (Std) 	WindowRendererFactory 'Falagard/MenuItem' added. (01DE98C0)
19/03/2013 02:09:54 (Std) 	Created WindowRendererFactory for 'Falagard/MultiColumnList' WindowRenderers.
19/03/2013 02:09:54 (Std) 	WindowRendererFactory 'Falagard/MultiColumnList' added. (01DE9968)
19/03/2013 02:09:54 (Std) 	Created WindowRendererFactory for 'Falagard/MultiLineEditbox' WindowRenderers.
19/03/2013 02:09:54 (Std) 	WindowRendererFactory 'Falagard/MultiLineEditbox' added. (01DE9A10)
19/03/2013 02:09:54 (Std) 	Created WindowRendererFactory for 'Falagard/PopupMenu' WindowRenderers.
19/03/2013 02:09:54 (Std) 	WindowRendererFactory 'Falagard/PopupMenu' added. (01DE9AB8)
19/03/2013 02:09:54 (Std) 	Created WindowRendererFactory for 'Falagard/ProgressBar' WindowRenderers.
19/03/2013 02:09:54 (Std) 	WindowRendererFactory 'Falagard/ProgressBar' added. (01DE9B60)
19/03/2013 02:09:54 (Std) 	Created WindowRendererFactory for 'Falagard/ScrollablePane' WindowRenderers.
19/03/2013 02:09:54 (Std) 	WindowRendererFactory 'Falagard/ScrollablePane' added. (01DE9C08)
19/03/2013 02:09:54 (Std) 	Created WindowRendererFactory for 'Falagard/Scrollbar' WindowRenderers.
19/03/2013 02:09:54 (Std) 	WindowRendererFactory 'Falagard/Scrollbar' added. (01DE9CB0)
19/03/2013 02:09:54 (Std) 	Created WindowRendererFactory for 'Falagard/Slider' WindowRenderers.
19/03/2013 02:09:54 (Std) 	WindowRendererFactory 'Falagard/Slider' added. (01DE9D58)
19/03/2013 02:09:54 (Std) 	Created WindowRendererFactory for 'Falagard/Static' WindowRenderers.
19/03/2013 02:09:54 (Std) 	WindowRendererFactory 'Falagard/Static' added. (01DE9E00)
19/03/2013 02:09:54 (Std) 	Created WindowRendererFactory for 'Falagard/StaticImage' WindowRenderers.
19/03/2013 02:09:54 (Std) 	WindowRendererFactory 'Falagard/StaticImage' added. (01DE9EA8)
19/03/2013 02:09:54 (Std) 	Created WindowRendererFactory for 'Falagard/StaticText' WindowRenderers.
19/03/2013 02:09:54 (Std) 	WindowRendererFactory 'Falagard/StaticText' added. (01DE9F50)
19/03/2013 02:09:54 (Std) 	Created WindowRendererFactory for 'Falagard/SystemButton' WindowRenderers.
19/03/2013 02:09:54 (Std) 	WindowRendererFactory 'Falagard/SystemButton' added. (01DE9FF8)
19/03/2013 02:09:54 (Std) 	Created WindowRendererFactory for 'Falagard/TabButton' WindowRenderers.
19/03/2013 02:09:54 (Std) 	WindowRendererFactory 'Falagard/TabButton' added. (01DEA0A0)
19/03/2013 02:09:54 (Std) 	Created WindowRendererFactory for 'Falagard/TabControl' WindowRenderers.
19/03/2013 02:09:54 (Std) 	WindowRendererFactory 'Falagard/TabControl' added. (01DEA148)
19/03/2013 02:09:54 (Std) 	Created WindowRendererFactory for 'Falagard/Titlebar' WindowRenderers.
19/03/2013 02:09:54 (Std) 	WindowRendererFactory 'Falagard/Titlebar' added. (01DEA1F0)
19/03/2013 02:09:54 (Std) 	Created WindowRendererFactory for 'Falagard/ToggleButton' WindowRenderers.
19/03/2013 02:09:54 (Std) 	WindowRendererFactory 'Falagard/ToggleButton' added. (01DEA298)
19/03/2013 02:09:54 (Std) 	Created WindowRendererFactory for 'Falagard/Tooltip' WindowRenderers.
19/03/2013 02:09:54 (Std) 	WindowRendererFactory 'Falagard/Tooltip' added. (01DEA340)
19/03/2013 02:09:54 (Std) 	Created WindowRendererFactory for 'Falagard/ItemListbox' WindowRenderers.
19/03/2013 02:09:54 (Std) 	WindowRendererFactory 'Falagard/ItemListbox' added. (01DEA3E8)
19/03/2013 02:09:54 (Std) 	Created WindowRendererFactory for 'Falagard/Tree' WindowRenderers.
19/03/2013 02:09:54 (Std) 	WindowRendererFactory 'Falagard/Tree' added. (01DEA490)
19/03/2013 02:09:54 (Std) 	Creating falagard mapping for type 'TaharezLook/Button' using base type 'CEGUI/PushButton', window renderer 'Falagard/Button' Look'N'Feel 'TaharezLook/Button' and RenderEffect ''. (002FD3B0)
19/03/2013 02:09:54 (Std) 	Creating falagard mapping for type 'TaharezLook/Checkbox' using base type 'CEGUI/Checkbox', window renderer 'Falagard/ToggleButton' Look'N'Feel 'TaharezLook/Checkbox' and RenderEffect ''. (002FD3B0)
19/03/2013 02:09:54 (Std) 	Creating falagard mapping for type 'TaharezLook/ImageButton' using base type 'CEGUI/PushButton', window renderer 'Falagard/Button' Look'N'Feel 'TaharezLook/ImageButton' and RenderEffect ''. (002FD3B0)
19/03/2013 02:09:54 (Std) 	Creating falagard mapping for type 'TaharezLook/RadioButton' using base type 'CEGUI/RadioButton', window renderer 'Falagard/ToggleButton' Look'N'Feel 'TaharezLook/RadioButton' and RenderEffect ''. (002FD3B0)
19/03/2013 02:09:54 (Std) 	Creating falagard mapping for type 'TaharezLook/FrameWindow' using base type 'CEGUI/FrameWindow', window renderer 'Falagard/FrameWindow' Look'N'Feel 'TaharezLook/FrameWindow' and RenderEffect ''. (002FD3B0)
19/03/2013 02:09:54 (Std) 	Creating falagard mapping for type 'TaharezLook/Titlebar' using base type 'CEGUI/Titlebar', window renderer 'Falagard/Titlebar' Look'N'Feel 'TaharezLook/Titlebar' and RenderEffect ''. (002FD3B0)
19/03/2013 02:09:54 (Std) 	Creating falagard mapping for type 'TaharezLook/SystemButton' using base type 'CEGUI/PushButton', window renderer 'Falagard/Button' Look'N'Feel 'TaharezLook/Button' and RenderEffect ''. (002FD3B0)
19/03/2013 02:09:54 (Std) 	Creating falagard mapping for type 'TaharezLook/Editbox' using base type 'CEGUI/Editbox', window renderer 'Falagard/Editbox' Look'N'Feel 'TaharezLook/Editbox' and RenderEffect ''. (002FD3B0)
19/03/2013 02:09:54 (Std) 	Creating falagard mapping for type 'TaharezLook/MultiLineEditbox' using base type 'CEGUI/MultiLineEditbox', window renderer 'Falagard/MultiLineEditbox' Look'N'Feel 'TaharezLook/MultiLineEditbox' and RenderEffect ''. (002FD3B0)
19/03/2013 02:09:54 (Std) 	Creating falagard mapping for type 'TaharezLook/Menubar' using base type 'CEGUI/Menubar', window renderer 'Falagard/Menubar' Look'N'Feel 'TaharezLook/Menubar' and RenderEffect ''. (002FD3B0)
19/03/2013 02:09:54 (Std) 	Creating falagard mapping for type 'TaharezLook/PopupMenu' using base type 'CEGUI/PopupMenu', window renderer 'Falagard/PopupMenu' Look'N'Feel 'TaharezLook/PopupMenu' and RenderEffect ''. (002FD3B0)
19/03/2013 02:09:54 (Std) 	Creating falagard mapping for type 'TaharezLook/MenuItem' using base type 'CEGUI/MenuItem', window renderer 'Falagard/MenuItem' Look'N'Feel 'TaharezLook/MenuItem' and RenderEffect ''. (002FD3B0)
19/03/2013 02:09:54 (Std) 	Creating falagard mapping for type 'TaharezLook/AlternateProgressBar' using base type 'CEGUI/ProgressBar', window renderer 'Falagard/ProgressBar' Look'N'Feel 'TaharezLook/AltProgressBar' and RenderEffect ''. (002FD3B0)
19/03/2013 02:09:54 (Std) 	Creating falagard mapping for type 'TaharezLook/ProgressBar' using base type 'CEGUI/ProgressBar', window renderer 'Falagard/ProgressBar' Look'N'Feel 'TaharezLook/ProgressBar' and RenderEffect ''. (002FD3B0)
19/03/2013 02:09:54 (Std) 	Creating falagard mapping for type 'TaharezLook/VUMeter' using base type 'CEGUI/ProgressBar', window renderer 'Falagard/ProgressBar' Look'N'Feel 'TaharezLook/VUMeter' and RenderEffect ''. (002FD3B0)
19/03/2013 02:09:54 (Std) 	Creating falagard mapping for type 'TaharezLook/VerticalScrollbar' using base type 'CEGUI/Scrollbar', window renderer 'Falagard/Scrollbar' Look'N'Feel 'TaharezLook/VerticalScrollbar' and RenderEffect ''. (002FD3B0)
19/03/2013 02:09:54 (Std) 	Creating falagard mapping for type 'TaharezLook/HorizontalScrollbar' using base type 'CEGUI/Scrollbar', window renderer 'Falagard/Scrollbar' Look'N'Feel 'TaharezLook/HorizontalScrollbar' and RenderEffect ''. (002FD3B0)
19/03/2013 02:09:54 (Std) 	Creating falagard mapping for type 'TaharezLook/VerticalScrollbarThumb' using base type 'CEGUI/Thumb', window renderer 'Falagard/Button' Look'N'Feel 'TaharezLook/VerticalScrollbarThumb' and RenderEffect ''. (002FD3B0)
19/03/2013 02:09:54 (Std) 	Creating falagard mapping for type 'TaharezLook/HorizontalScrollbarThumb' using base type 'CEGUI/Thumb', window renderer 'Falagard/Button' Look'N'Feel 'TaharezLook/HorizontalScrollbarThumb' and RenderEffect ''. (002FD3B0)
19/03/2013 02:09:54 (Std) 	Creating falagard mapping for type 'TaharezLook/LargeVerticalScrollbar' using base type 'CEGUI/Scrollbar', window renderer 'Falagard/Scrollbar' Look'N'Feel 'TaharezLook/LargeVerticalScrollbar' and RenderEffect ''. (002FD3B0)
19/03/2013 02:09:54 (Std) 	Creating falagard mapping for type 'TaharezLook/LargeVerticalScrollbarThumb' using base type 'CEGUI/Thumb', window renderer 'Falagard/Button' Look'N'Feel 'TaharezLook/LargeVerticalScrollbarThumb' and RenderEffect ''. (002FD3B0)
19/03/2013 02:09:54 (Std) 	Creating falagard mapping for type 'TaharezLook/TabButton' using base type 'CEGUI/TabButton', window renderer 'Falagard/TabButton' Look'N'Feel 'TaharezLook/TabButton' and RenderEffect ''. (002FD3B0)
19/03/2013 02:09:54 (Std) 	Creating falagard mapping for type 'TaharezLook/TabControl' using base type 'CEGUI/TabControl', window renderer 'Falagard/TabControl' Look'N'Feel 'TaharezLook/TabControl' and RenderEffect ''. (002FD3B0)
19/03/2013 02:09:54 (Std) 	Creating falagard mapping for type 'TaharezLook/TabContentPane' using base type 'DefaultWindow', window renderer 'Falagard/Default' Look'N'Feel 'TaharezLook/TabContentPane' and RenderEffect ''. (002FD3B0)
19/03/2013 02:09:54 (Std) 	Creating falagard mapping for type 'TaharezLook/TabButtonPane' using base type 'DefaultWindow', window renderer 'Falagard/Default' Look'N'Feel 'TaharezLook/TabButtonPane' and RenderEffect ''. (002FD3B0)
19/03/2013 02:09:54 (Std) 	Creating falagard mapping for type 'TaharezLook/ComboDropList' using base type 'CEGUI/ComboDropList', window renderer 'Falagard/Listbox' Look'N'Feel 'TaharezLook/ComboDropList' and RenderEffect ''. (002FD3B0)
19/03/2013 02:09:54 (Std) 	Creating falagard mapping for type 'TaharezLook/ComboEditbox' using base type 'CEGUI/Editbox', window renderer 'Falagard/Editbox' Look'N'Feel 'TaharezLook/ComboEditbox' and RenderEffect ''. (002FD3B0)
19/03/2013 02:09:54 (Std) 	Creating falagard mapping for type 'TaharezLook/Combobox' using base type 'CEGUI/Combobox', window renderer 'Falagard/Default' Look'N'Feel 'TaharezLook/Combobox' and RenderEffect ''. (002FD3B0)
19/03/2013 02:09:54 (Std) 	Creating falagard mapping for type 'TaharezLook/Listbox' using base type 'CEGUI/Listbox', window renderer 'Falagard/Listbox' Look'N'Feel 'TaharezLook/Listbox' and RenderEffect ''. (002FD3B0)
19/03/2013 02:09:54 (Std) 	Creating falagard mapping for type 'TaharezLook/ListHeader' using base type 'CEGUI/ListHeader', window renderer 'Falagard/ListHeader' Look'N'Feel 'TaharezLook/ListHeader' and RenderEffect ''. (002FD3B0)
19/03/2013 02:09:54 (Std) 	Creating falagard mapping for type 'TaharezLook/ListHeaderSegment' using base type 'CEGUI/ListHeaderSegment', window renderer 'Falagard/ListHeaderSegment' Look'N'Feel 'TaharezLook/ListHeaderSegment' and RenderEffect ''. (002FD3B0)
19/03/2013 02:09:54 (Std) 	Creating falagard mapping for type 'TaharezLook/MultiColumnList' using base type 'CEGUI/MultiColumnList', window renderer 'Falagard/MultiColumnList' Look'N'Feel 'TaharezLook/MultiColumnList' and RenderEffect ''. (002FD3B0)
19/03/2013 02:09:54 (Std) 	Creating falagard mapping for type 'TaharezLook/Slider' using base type 'CEGUI/Slider', window renderer 'Falagard/Slider' Look'N'Feel 'TaharezLook/Slider' and RenderEffect ''. (002FD3B0)
19/03/2013 02:09:54 (Std) 	Creating falagard mapping for type 'TaharezLook/SliderThumb' using base type 'CEGUI/Thumb', window renderer 'Falagard/Button' Look'N'Feel 'TaharezLook/SliderThumb' and RenderEffect ''. (002FD3B0)
19/03/2013 02:09:54 (Std) 	Creating falagard mapping for type 'TaharezLook/ScrollablePane' using base type 'CEGUI/ScrollablePane', window renderer 'Falagard/ScrollablePane' Look'N'Feel 'TaharezLook/ScrollablePane' and RenderEffect ''. (002FD3B0)
19/03/2013 02:09:54 (Std) 	Creating falagard mapping for type 'TaharezLook/Spinner' using base type 'CEGUI/Spinner', window renderer 'Falagard/Default' Look'N'Feel 'TaharezLook/Spinner' and RenderEffect ''. (002FD3B0)
19/03/2013 02:09:54 (Std) 	Creating falagard mapping for type 'TaharezLook/Tooltip' using base type 'CEGUI/Tooltip', window renderer 'Falagard/Tooltip' Look'N'Feel 'TaharezLook/Tooltip' and RenderEffect ''. (002FD3B0)
19/03/2013 02:09:54 (Std) 	Creating falagard mapping for type 'TaharezLook/StaticImage' using base type 'DefaultWindow', window renderer 'Falagard/StaticImage' Look'N'Feel 'TaharezLook/StaticImage' and RenderEffect ''. (002FD3B0)
19/03/2013 02:09:54 (Std) 	Creating falagard mapping for type 'TaharezLook/StaticText' using base type 'DefaultWindow', window renderer 'Falagard/StaticText' Look'N'Feel 'TaharezLook/StaticText' and RenderEffect ''. (002FD3B0)
19/03/2013 02:09:54 (Std) 	Creating falagard mapping for type 'TaharezLook/ItemListbox' using base type 'CEGUI/ItemListbox', window renderer 'Falagard/ItemListbox' Look'N'Feel 'TaharezLook/ItemListbox' and RenderEffect ''. (002FD3B0)
19/03/2013 02:09:54 (Std) 	Creating falagard mapping for type 'TaharezLook/ListboxItem' using base type 'CEGUI/ItemEntry', window renderer 'Falagard/ItemEntry' Look'N'Feel 'TaharezLook/ListboxItem' and RenderEffect ''. (002FD3B0)
19/03/2013 02:09:54 (Std) 	Creating falagard mapping for type 'TaharezLook/GroupBox' using base type 'CEGUI/GroupBox', window renderer 'Falagard/Default' Look'N'Feel 'TaharezLook/GroupBox' and RenderEffect ''. (002FD3B0)
19/03/2013 02:09:54 (Std) 	Creating falagard mapping for type 'TaharezLook/Tree' using base type 'CEGUI/Tree', window renderer 'Falagard/Tree' Look'N'Feel 'TaharezLook/Tree' and RenderEffect ''. (002FD3B0)
19/03/2013 02:09:55 (Std) 	---- Successfully completed loading of GUI layout from 'CommandPanel.layout' ----
19/03/2013 02:09:55 (Std) 	---- Successfully completed loading of GUI layout from 'InfoPanel.layout' ----
19/03/2013 02:09:55 (Error)	CEGUI::UnknownObjectException in file f:\cegui-0.7.9\cegui\include\CEGUINamedXMLResourceManager.h(279) : NamedXMLResourceManager::get: No object of type 'Imageset' named 'image:' is present in the collection.
19/03/2013 02:09:55 (Std) 	Attempting to create Imageset 'PortraitImageSet' with texture only.
19/03/2013 02:10:19 (Std) 	---- Begining CEGUI System destruction ----
19/03/2013 02:10:19 (Std) 	WindowFactory for 'CEGUI/Tree' windows removed. (01DEC490)
19/03/2013 02:10:19 (Std) 	Deleted WindowFactory for 'CEGUI/Tree' windows.
19/03/2013 02:10:19 (Std) 	WindowFactory for 'CEGUI/Thumb' windows removed. (01DEC148)
19/03/2013 02:10:19 (Std) 	Deleted WindowFactory for 'CEGUI/Thumb' windows.
19/03/2013 02:10:19 (Std) 	WindowFactory for 'CEGUI/Slider' windows removed. (01DEBEA8)
19/03/2013 02:10:19 (Std) 	Deleted WindowFactory for 'CEGUI/Slider' windows.
19/03/2013 02:10:19 (Std) 	WindowFactory for 'CEGUI/Editbox' windows removed. (01DEB578)
19/03/2013 02:10:19 (Std) 	Deleted WindowFactory for 'CEGUI/Editbox' windows.
19/03/2013 02:10:19 (Std) 	WindowFactory for 'CEGUI/Listbox' windows removed. (01DEB770)
19/03/2013 02:10:19 (Std) 	Deleted WindowFactory for 'CEGUI/Listbox' windows.
19/03/2013 02:10:19 (Std) 	WindowFactory for 'CEGUI/Menubar' windows removed. (01DEB968)
19/03/2013 02:10:19 (Std) 	Deleted WindowFactory for 'CEGUI/Menubar' windows.
19/03/2013 02:10:19 (Std) 	WindowFactory for 'CEGUI/Spinner' windows removed. (01DEBF50)
19/03/2013 02:10:19 (Std) 	Deleted WindowFactory for 'CEGUI/Spinner' windows.
19/03/2013 02:10:19 (Std) 	WindowFactory for 'CEGUI/Tooltip' windows removed. (01DEC298)
19/03/2013 02:10:19 (Std) 	Deleted WindowFactory for 'CEGUI/Tooltip' windows.
19/03/2013 02:10:19 (Std) 	WindowFactory for 'DefaultWindow' windows removed. (01D9EE70)
19/03/2013 02:10:19 (Std) 	Deleted WindowFactory for 'DefaultWindow' windows.
19/03/2013 02:10:19 (Std) 	WindowFactory for 'DragContainer' windows removed. (01D9F600)
19/03/2013 02:10:19 (Std) 	Deleted WindowFactory for 'DragContainer' windows.
19/03/2013 02:10:19 (Std) 	WindowFactory for 'CEGUI/Checkbox' windows removed. (01D9F7F8)
19/03/2013 02:10:19 (Std) 	Deleted WindowFactory for 'CEGUI/Checkbox' windows.
19/03/2013 02:10:19 (Std) 	WindowFactory for 'CEGUI/Combobox' windows removed. (01DD8A00)
19/03/2013 02:10:19 (Std) 	Deleted WindowFactory for 'CEGUI/Combobox' windows.
19/03/2013 02:10:19 (Std) 	WindowFactory for 'CEGUI/GroupBox' windows removed. (01DEC3E8)
19/03/2013 02:10:19 (Std) 	Deleted WindowFactory for 'CEGUI/GroupBox' windows.
19/03/2013 02:10:19 (Std) 	WindowFactory for 'CEGUI/MenuItem' windows removed. (01DEBAB8)
19/03/2013 02:10:19 (Std) 	Deleted WindowFactory for 'CEGUI/MenuItem' windows.
19/03/2013 02:10:19 (Std) 	WindowFactory for 'CEGUI/Titlebar' windows removed. (01DEC1F0)
19/03/2013 02:10:19 (Std) 	Deleted WindowFactory for 'CEGUI/Titlebar' windows.
19/03/2013 02:10:19 (Std) 	WindowFactory for 'CEGUI/ItemEntry' windows removed. (01DEB6C8)
19/03/2013 02:10:19 (Std) 	Deleted WindowFactory for 'CEGUI/ItemEntry' windows.
19/03/2013 02:10:19 (Std) 	WindowFactory for 'CEGUI/PopupMenu' windows removed. (01DEBA10)
19/03/2013 02:10:19 (Std) 	Deleted WindowFactory for 'CEGUI/PopupMenu' windows.
19/03/2013 02:10:19 (Std) 	WindowFactory for 'CEGUI/Scrollbar' windows removed. (01DEBE00)
19/03/2013 02:10:19 (Std) 	Deleted WindowFactory for 'CEGUI/Scrollbar' windows.
19/03/2013 02:10:19 (Std) 	WindowFactory for 'CEGUI/TabButton' windows removed. (01DEBFF8)
19/03/2013 02:10:19 (Std) 	Deleted WindowFactory for 'CEGUI/TabButton' windows.
19/03/2013 02:10:19 (Std) 	WindowFactory for 'CEGUI/ListHeader' windows removed. (01DEB818)
19/03/2013 02:10:19 (Std) 	Deleted WindowFactory for 'CEGUI/ListHeader' windows.
19/03/2013 02:10:19 (Std) 	WindowFactory for 'CEGUI/PushButton' windows removed. (01D9F8A0)
19/03/2013 02:10:19 (Std) 	Deleted WindowFactory for 'CEGUI/PushButton' windows.
19/03/2013 02:10:19 (Std) 	WindowFactory for 'CEGUI/TabControl' windows removed. (01DEC0A0)
19/03/2013 02:10:19 (Std) 	Deleted WindowFactory for 'CEGUI/TabControl' windows.
19/03/2013 02:10:19 (Std) 	WindowFactory for 'ClippedContainer' windows removed. (01D9F750)
19/03/2013 02:10:19 (Std) 	Deleted WindowFactory for 'ClippedContainer' windows.
19/03/2013 02:10:19 (Std) 	WindowFactory for 'CEGUI/FrameWindow' windows removed. (01DEB620)
19/03/2013 02:10:19 (Std) 	Deleted WindowFactory for 'CEGUI/FrameWindow' windows.
19/03/2013 02:10:19 (Std) 	WindowFactory for 'CEGUI/ItemListbox' windows removed. (01DEC340)
19/03/2013 02:10:19 (Std) 	Deleted WindowFactory for 'CEGUI/ItemListbox' windows.
19/03/2013 02:10:19 (Std) 	WindowFactory for 'CEGUI/ProgressBar' windows removed. (01DEBCB0)
19/03/2013 02:10:19 (Std) 	Deleted WindowFactory for 'CEGUI/ProgressBar' windows.
19/03/2013 02:10:19 (Std) 	WindowFactory for 'CEGUI/RadioButton' windows removed. (01DD8958)
19/03/2013 02:10:19 (Std) 	Deleted WindowFactory for 'CEGUI/RadioButton' windows.
19/03/2013 02:10:19 (Std) 	WindowFactory for 'ScrolledContainer' windows removed. (01D9F6A8)
19/03/2013 02:10:19 (Std) 	Deleted WindowFactory for 'ScrolledContainer' windows.
19/03/2013 02:10:19 (Std) 	WindowFactory for 'CEGUI/ComboDropList' windows removed. (01DD8AA8)
19/03/2013 02:10:19 (Std) 	Deleted WindowFactory for 'CEGUI/ComboDropList' windows.
19/03/2013 02:10:19 (Std) 	WindowFactory for 'GridLayoutContainer' windows removed. (01DEC688)
19/03/2013 02:10:19 (Std) 	Deleted WindowFactory for 'GridLayoutContainer' windows.
19/03/2013 02:10:19 (Std) 	WindowFactory for 'CEGUI/ScrollablePane' windows removed. (01DEBD58)
19/03/2013 02:10:19 (Std) 	Deleted WindowFactory for 'CEGUI/ScrollablePane' windows.
19/03/2013 02:10:19 (Std) 	WindowFactory for 'CEGUI/MultiColumnList' windows removed. (01DEBB60)
19/03/2013 02:10:19 (Std) 	Deleted WindowFactory for 'CEGUI/MultiColumnList' windows.
19/03/2013 02:10:19 (Std) 	WindowFactory for 'CEGUI/MultiLineEditbox' windows removed. (01DEBC08)
19/03/2013 02:10:19 (Std) 	Deleted WindowFactory for 'CEGUI/MultiLineEditbox' windows.
19/03/2013 02:10:19 (Std) 	WindowFactory for 'CEGUI/ListHeaderSegment' windows removed. (01DEB8C0)
19/03/2013 02:10:19 (Std) 	Deleted WindowFactory for 'CEGUI/ListHeaderSegment' windows.
19/03/2013 02:10:19 (Std) 	WindowFactory for 'VerticalLayoutContainer' windows removed. (01DEC5E0)
19/03/2013 02:10:19 (Std) 	Deleted WindowFactory for 'VerticalLayoutContainer' windows.
19/03/2013 02:10:19 (Std) 	WindowFactory for 'HorizontalLayoutContainer' windows removed. (01DEC538)
19/03/2013 02:10:19 (Std) 	Deleted WindowFactory for 'HorizontalLayoutContainer' windows.
19/03/2013 02:10:19 (Std) 	---- Begining cleanup of GUI Scheme system ----
19/03/2013 02:10:19 (Std) 	WindowRendererFactory for 'Falagard/Button' WindowRenderers removed. (01DECB20)
19/03/2013 02:10:19 (Std) 	Deleted WindowRendererFactory for 'Falagard/Button' WindowRenderers.
19/03/2013 02:10:19 (Std) 	WindowRendererFactory for 'Falagard/Default' WindowRenderers removed. (01DECFB8)
19/03/2013 02:10:19 (Std) 	Deleted WindowRendererFactory for 'Falagard/Default' WindowRenderers.
19/03/2013 02:10:19 (Std) 	WindowRendererFactory for 'Falagard/Editbox' WindowRenderers removed. (01DED3A8)
19/03/2013 02:10:19 (Std) 	Deleted WindowRendererFactory for 'Falagard/Editbox' WindowRenderers.
19/03/2013 02:10:19 (Std) 	WindowRendererFactory for 'Falagard/FrameWindow' WindowRenderers removed. (01DED450)
19/03/2013 02:10:19 (Std) 	Deleted WindowRendererFactory for 'Falagard/FrameWindow' WindowRenderers.
19/03/2013 02:10:19 (Std) 	WindowRendererFactory for 'Falagard/ItemEntry' WindowRenderers removed. (01DE9578)
19/03/2013 02:10:19 (Std) 	Deleted WindowRendererFactory for 'Falagard/ItemEntry' WindowRenderers.
19/03/2013 02:10:19 (Std) 	WindowRendererFactory for 'Falagard/ListHeader' WindowRenderers removed. (01DE9620)
19/03/2013 02:10:19 (Std) 	Deleted WindowRendererFactory for 'Falagard/ListHeader' WindowRenderers.
19/03/2013 02:10:19 (Std) 	WindowRendererFactory for 'Falagard/ListHeaderSegment' WindowRenderers removed. (01DE96C8)
19/03/2013 02:10:19 (Std) 	Deleted WindowRendererFactory for 'Falagard/ListHeaderSegment' WindowRenderers.
19/03/2013 02:10:19 (Std) 	WindowRendererFactory for 'Falagard/Listbox' WindowRenderers removed. (01DE9770)
19/03/2013 02:10:19 (Std) 	Deleted WindowRendererFactory for 'Falagard/Listbox' WindowRenderers.
19/03/2013 02:10:19 (Std) 	WindowRendererFactory for 'Falagard/Menubar' WindowRenderers removed. (01DE9818)
19/03/2013 02:10:19 (Std) 	Deleted WindowRendererFactory for 'Falagard/Menubar' WindowRenderers.
19/03/2013 02:10:19 (Std) 	WindowRendererFactory for 'Falagard/MenuItem' WindowRenderers removed. (01DE98C0)
19/03/2013 02:10:19 (Std) 	Deleted WindowRendererFactory for 'Falagard/MenuItem' WindowRenderers.
19/03/2013 02:10:19 (Std) 	WindowRendererFactory for 'Falagard/MultiColumnList' WindowRenderers removed. (01DE9968)
19/03/2013 02:10:19 (Std) 	Deleted WindowRendererFactory for 'Falagard/MultiColumnList' WindowRenderers.
19/03/2013 02:10:19 (Std) 	WindowRendererFactory for 'Falagard/MultiLineEditbox' WindowRenderers removed. (01DE9A10)
19/03/2013 02:10:19 (Std) 	Deleted WindowRendererFactory for 'Falagard/MultiLineEditbox' WindowRenderers.
19/03/2013 02:10:19 (Std) 	WindowRendererFactory for 'Falagard/PopupMenu' WindowRenderers removed. (01DE9AB8)
19/03/2013 02:10:19 (Std) 	Deleted WindowRendererFactory for 'Falagard/PopupMenu' WindowRenderers.
19/03/2013 02:10:19 (Std) 	WindowRendererFactory for 'Falagard/ProgressBar' WindowRenderers removed. (01DE9B60)
19/03/2013 02:10:19 (Std) 	Deleted WindowRendererFactory for 'Falagard/ProgressBar' WindowRenderers.
19/03/2013 02:10:19 (Std) 	WindowRendererFactory for 'Falagard/ScrollablePane' WindowRenderers removed. (01DE9C08)
19/03/2013 02:10:19 (Std) 	Deleted WindowRendererFactory for 'Falagard/ScrollablePane' WindowRenderers.
19/03/2013 02:10:19 (Std) 	WindowRendererFactory for 'Falagard/Scrollbar' WindowRenderers removed. (01DE9CB0)
19/03/2013 02:10:19 (Std) 	Deleted WindowRendererFactory for 'Falagard/Scrollbar' WindowRenderers.
19/03/2013 02:10:19 (Std) 	WindowRendererFactory for 'Falagard/Slider' WindowRenderers removed. (01DE9D58)
19/03/2013 02:10:19 (Std) 	Deleted WindowRendererFactory for 'Falagard/Slider' WindowRenderers.
19/03/2013 02:10:19 (Std) 	WindowRendererFactory for 'Falagard/Static' WindowRenderers removed. (01DE9E00)
19/03/2013 02:10:19 (Std) 	Deleted WindowRendererFactory for 'Falagard/Static' WindowRenderers.
19/03/2013 02:10:19 (Std) 	WindowRendererFactory for 'Falagard/StaticImage' WindowRenderers removed. (01DE9EA8)
19/03/2013 02:10:19 (Std) 	Deleted WindowRendererFactory for 'Falagard/StaticImage' WindowRenderers.
19/03/2013 02:10:19 (Std) 	WindowRendererFactory for 'Falagard/StaticText' WindowRenderers removed. (01DE9F50)
19/03/2013 02:10:19 (Std) 	Deleted WindowRendererFactory for 'Falagard/StaticText' WindowRenderers.
19/03/2013 02:10:19 (Std) 	WindowRendererFactory for 'Falagard/SystemButton' WindowRenderers removed. (01DE9FF8)
19/03/2013 02:10:19 (Std) 	Deleted WindowRendererFactory for 'Falagard/SystemButton' WindowRenderers.
19/03/2013 02:10:19 (Std) 	WindowRendererFactory for 'Falagard/TabButton' WindowRenderers removed. (01DEA0A0)
19/03/2013 02:10:19 (Std) 	Deleted WindowRendererFactory for 'Falagard/TabButton' WindowRenderers.
19/03/2013 02:10:19 (Std) 	WindowRendererFactory for 'Falagard/TabControl' WindowRenderers removed. (01DEA148)
19/03/2013 02:10:19 (Std) 	Deleted WindowRendererFactory for 'Falagard/TabControl' WindowRenderers.
19/03/2013 02:10:19 (Std) 	WindowRendererFactory for 'Falagard/Titlebar' WindowRenderers removed. (01DEA1F0)
19/03/2013 02:10:19 (Std) 	Deleted WindowRendererFactory for 'Falagard/Titlebar' WindowRenderers.
19/03/2013 02:10:19 (Std) 	WindowRendererFactory for 'Falagard/ToggleButton' WindowRenderers removed. (01DEA298)
19/03/2013 02:10:19 (Std) 	Deleted WindowRendererFactory for 'Falagard/ToggleButton' WindowRenderers.
19/03/2013 02:10:19 (Std) 	WindowRendererFactory for 'Falagard/Tooltip' WindowRenderers removed. (01DEA340)
19/03/2013 02:10:19 (Std) 	Deleted WindowRendererFactory for 'Falagard/Tooltip' WindowRenderers.
19/03/2013 02:10:19 (Std) 	WindowRendererFactory for 'Falagard/ItemListbox' WindowRenderers removed. (01DEA3E8)
19/03/2013 02:10:19 (Std) 	Deleted WindowRendererFactory for 'Falagard/ItemListbox' WindowRenderers.
19/03/2013 02:10:19 (Std) 	WindowRendererFactory for 'Falagard/Tree' WindowRenderers removed. (01DEA490)
19/03/2013 02:10:19 (Std) 	Deleted WindowRendererFactory for 'Falagard/Tree' WindowRenderers.
19/03/2013 02:10:19 (Std) 	CEGUI::SchemeManager singleton destroyed. (01D9FE50)
19/03/2013 02:10:19 (Std) 	CEGUI::WindowManager singleton destroyed (01DA3A60)
19/03/2013 02:10:19 (Std) 	CEGUI::WindowFactoryManager singleton destroyed
19/03/2013 02:10:19 (Std) 	CEGUI::WidgetLookManager singleton destroyed. (01D79878)
19/03/2013 02:10:19 (Std) 	CEGUI::WindowRendererManager singleton destroyed (01D798A8)
19/03/2013 02:10:19 (Std) 	CEGUI::AnimationManager singleton destroyed (01D7CE98)
19/03/2013 02:10:19 (Std) 	CEGUI::RenderEffectManager singleton destroyed (01D64BD8)
19/03/2013 02:10:19 (Std) 	---- Begining cleanup of Font system ----
19/03/2013 02:10:19 (Std) 	CEGUI::FontManager singleton destroyed. (01DAF6B0)
19/03/2013 02:10:19 (Std) 	CEGUI::MouseCursor singleton destroyed. (01DD7570)
19/03/2013 02:10:19 (Std) 	---- Begining cleanup of Imageset system ----
19/03/2013 02:10:19 (Std) 	CEGUI::ImagesetManager singleton destroyed (01DDD478)
19/03/2013 02:10:19 (Std) 	CEGUI::GlobalEventSet singleton destroyed. (01D65A88)
19/03/2013 02:10:19 (Std) 	CEGUI::System singleton destroyed. (01DAF440)
19/03/2013 02:10:19 (Std) 	---- CEGUI System destruction completed ----
19/03/2013 02:10:19 (Std) 	CEGUI::Logger singleton destroyed. (01DA10E0)
